2018-01-09 20:36:07,246 - [in.licious.test.ValidLoginTest] - INFO - framework is initialised 
2018-01-09 20:36:07,265 - [in.licious.test.ValidLoginTest] - INFO - chrome 
2018-01-09 20:36:07,265 - [in.licious.test.ValidLoginTest] - INFO - https://www.licious.in 
2018-01-09 20:36:07,266 - [in.licious.test.ValidLoginTest] - INFO - demo 
2018-01-09 20:36:07,267 - [in.licious.test.ValidLoginTest] - INFO - optdemo 
2018-01-09 20:36:07,267 - [in.licious.test.ValidLoginTest] - INFO - 10 
2018-01-09 20:36:34,269 - [in.licious.test.ValidLoginTest] - INFO - chrome is launched 
2018-01-09 20:37:01,323 - [in.licious.test.ValidLoginTest] - INFO - chrome is closed 
2018-01-09 20:45:30,371 - [in.licious.test.ValidLoginTest] - INFO - framework is initialised 
2018-01-09 20:45:30,390 - [in.licious.test.ValidLoginTest] - INFO - chrome 
2018-01-09 20:45:30,391 - [in.licious.test.ValidLoginTest] - INFO - https://www.licious.in 
2018-01-09 20:45:30,392 - [in.licious.test.ValidLoginTest] - INFO - demo 
2018-01-09 20:45:30,393 - [in.licious.test.ValidLoginTest] - INFO - optdemo 
2018-01-09 20:45:30,393 - [in.licious.test.ValidLoginTest] - INFO - 10 
2018-01-09 20:46:38,715 - [in.licious.test.ValidLoginTest] - INFO - framework is initialised 
2018-01-09 20:46:38,753 - [in.licious.test.ValidLoginTest] - INFO - chrome 
2018-01-09 20:46:38,754 - [in.licious.test.ValidLoginTest] - INFO - https://www.licious.in 
2018-01-09 20:46:38,755 - [in.licious.test.ValidLoginTest] - INFO - demo 
2018-01-09 20:46:38,755 - [in.licious.test.ValidLoginTest] - INFO - optdemo 
2018-01-09 20:46:38,756 - [in.licious.test.ValidLoginTest] - INFO - 10 
2018-01-09 20:47:00,237 - [in.licious.test.ValidLoginTest] - INFO - chrome is launched 
2018-01-09 21:04:23,806 - [in.licious.test.ValidLoginTest] - INFO - framework is initialised 
2018-01-09 21:04:23,826 - [in.licious.test.ValidLoginTest] - INFO - chrome 
2018-01-09 21:04:23,827 - [in.licious.test.ValidLoginTest] - INFO - https://www.licious.in 
2018-01-09 21:04:23,828 - [in.licious.test.ValidLoginTest] - INFO - demo 
2018-01-09 21:04:23,829 - [in.licious.test.ValidLoginTest] - INFO - optdemo 
2018-01-09 21:04:23,830 - [in.licious.test.ValidLoginTest] - INFO - 10 
2018-01-09 21:04:53,581 - [in.licious.test.ValidLoginTest] - INFO - chrome is launched 
2018-01-09 21:05:30,647 - [in.licious.test.ValidLoginTest] - INFO - chrome is closed 
2018-01-09 21:14:59,472 - [in.licious.test.ValidLoginTest] - INFO - framework is initialised 
2018-01-09 21:14:59,492 - [in.licious.test.ValidLoginTest] - INFO - chrome 
2018-01-09 21:14:59,493 - [in.licious.test.ValidLoginTest] - INFO - https://www.licious.in 
2018-01-09 21:14:59,494 - [in.licious.test.ValidLoginTest] - INFO - demo 
2018-01-09 21:14:59,495 - [in.licious.test.ValidLoginTest] - INFO - optdemo 
2018-01-09 21:14:59,496 - [in.licious.test.ValidLoginTest] - INFO - 10 
2018-01-09 21:15:17,347 - [in.licious.test.ValidLoginTest] - INFO - chrome is launched 
2018-01-09 21:15:34,729 - [in.licious.test.ValidLoginTest] - INFO - chrome is closed 
2018-01-09 21:17:47,629 - [in.licious.test.ValidLoginTest] - INFO - framework is initialised 
2018-01-09 21:17:47,658 - [in.licious.test.ValidLoginTest] - INFO - chrome 
2018-01-09 21:17:47,659 - [in.licious.test.ValidLoginTest] - INFO - https://www.licious.in 
2018-01-09 21:17:47,659 - [in.licious.test.ValidLoginTest] - INFO - demo 
2018-01-09 21:17:47,660 - [in.licious.test.ValidLoginTest] - INFO - optdemo 
2018-01-09 21:17:47,661 - [in.licious.test.ValidLoginTest] - INFO - 10 
2018-01-09 21:18:58,300 - [in.licious.test.ValidLoginTest] - INFO - chrome is launched 
2018-01-09 21:19:14,726 - [in.licious.test.ValidLoginTest] - INFO - chrome is closed 
2018-01-09 21:31:02,360 - [in.licious.test.ValidLoginTest] - INFO - framework is initialised 
2018-01-09 21:31:02,380 - [in.licious.test.ValidLoginTest] - INFO - chrome 
2018-01-09 21:31:02,381 - [in.licious.test.ValidLoginTest] - INFO - https://www.licious.in 
2018-01-09 21:31:02,381 - [in.licious.test.ValidLoginTest] - INFO - demo 
2018-01-09 21:31:02,382 - [in.licious.test.ValidLoginTest] - INFO - optdemo 
2018-01-09 21:31:02,383 - [in.licious.test.ValidLoginTest] - INFO - 10 
2018-01-09 21:32:14,117 - [in.licious.test.ValidLoginTest] - INFO - chrome is launched 
2018-01-09 21:32:32,890 - [in.licious.test.ValidLoginTest] - INFO - chrome is closed 
2018-01-09 21:38:15,533 - [in.licious.test.ValidLoginTest] - INFO - framework is initialised 
2018-01-09 21:38:15,551 - [in.licious.test.ValidLoginTest] - INFO - chrome 
2018-01-09 21:38:15,552 - [in.licious.test.ValidLoginTest] - INFO - https://www.licious.in 
2018-01-09 21:38:15,553 - [in.licious.test.ValidLoginTest] - INFO - demo 
2018-01-09 21:38:15,554 - [in.licious.test.ValidLoginTest] - INFO - optdemo 
2018-01-09 21:38:15,555 - [in.licious.test.ValidLoginTest] - INFO - 10 
2018-01-09 21:38:51,674 - [in.licious.test.ValidLoginTest] - INFO - chrome is launched 
2018-01-09 21:39:12,404 - [in.licious.test.ValidLoginTest] - INFO - chrome is closed 
2018-01-10 10:17:37,239 - [in.licious.test.ValidLoginTest] - INFO - framework is initialised 
2018-01-10 10:17:37,311 - [in.licious.test.ValidLoginTest] - INFO - chrome 
2018-01-10 10:17:37,312 - [in.licious.test.ValidLoginTest] - INFO - https://www.licious.in 
2018-01-10 10:17:37,312 - [in.licious.test.ValidLoginTest] - INFO - demo 
2018-01-10 10:17:37,313 - [in.licious.test.ValidLoginTest] - INFO - optdemo 
2018-01-10 10:17:37,314 - [in.licious.test.ValidLoginTest] - INFO - 10 
2018-01-10 10:18:09,064 - [in.licious.test.ValidLoginTest] - INFO - chrome is launched 
2018-01-10 10:18:27,890 - [in.licious.test.ValidLoginTest] - INFO - chrome is closed 
2018-01-10 10:24:03,626 - [in.licious.test.ValidLoginTest] - INFO - framework is initialised 
2018-01-10 10:24:03,648 - [in.licious.test.ValidLoginTest] - INFO - chrome 
2018-01-10 10:24:03,649 - [in.licious.test.ValidLoginTest] - INFO - https://www.licious.in 
2018-01-10 10:24:03,650 - [in.licious.test.ValidLoginTest] - INFO - demo 
2018-01-10 10:24:03,650 - [in.licious.test.ValidLoginTest] - INFO - optdemo 
2018-01-10 10:24:03,651 - [in.licious.test.ValidLoginTest] - INFO - 10 
2018-01-10 10:24:23,709 - [in.licious.test.ValidLoginTest] - INFO - chrome is launched 
2018-01-10 10:24:41,551 - [in.licious.test.ValidLoginTest] - INFO - chrome is closed 
2018-01-10 10:25:39,212 - [in.licious.test.ValidLoginTest] - INFO - framework is initialised 
2018-01-10 10:25:39,235 - [in.licious.test.ValidLoginTest] - INFO - chrome 
2018-01-10 10:25:39,236 - [in.licious.test.ValidLoginTest] - INFO - https://www.licious.in 
2018-01-10 10:25:39,237 - [in.licious.test.ValidLoginTest] - INFO - demo 
2018-01-10 10:25:39,239 - [in.licious.test.ValidLoginTest] - INFO - optdemo 
2018-01-10 10:25:39,239 - [in.licious.test.ValidLoginTest] - INFO - 10 
2018-01-10 10:27:27,132 - [in.licious.test.ValidLoginTest] - INFO - chrome is launched 
2018-01-10 10:27:43,006 - [in.licious.test.ValidLoginTest] - INFO - chrome is closed 
2018-01-10 10:29:15,695 - [in.licious.test.ValidLoginTest] - INFO - framework is initialised 
2018-01-10 10:29:15,713 - [in.licious.test.ValidLoginTest] - INFO - chrome 
2018-01-10 10:29:15,714 - [in.licious.test.ValidLoginTest] - INFO - https://www.licious.in 
2018-01-10 10:29:15,715 - [in.licious.test.ValidLoginTest] - INFO - demo 
2018-01-10 10:29:15,716 - [in.licious.test.ValidLoginTest] - INFO - optdemo 
2018-01-10 10:29:15,716 - [in.licious.test.ValidLoginTest] - INFO - 5 
2018-01-10 10:29:32,199 - [in.licious.test.ValidLoginTest] - INFO - chrome is launched 
2018-01-10 10:29:48,672 - [in.licious.test.ValidLoginTest] - INFO - chrome is closed 
2018-01-10 10:30:19,580 - [in.licious.test.ValidLoginTest] - INFO - framework is initialised 
2018-01-10 10:30:19,596 - [in.licious.test.ValidLoginTest] - INFO - chrome 
2018-01-10 10:30:19,597 - [in.licious.test.ValidLoginTest] - INFO - https://www.licious.in 
2018-01-10 10:30:19,598 - [in.licious.test.ValidLoginTest] - INFO - demo 
2018-01-10 10:30:19,599 - [in.licious.test.ValidLoginTest] - INFO - optdemo 
2018-01-10 10:30:19,600 - [in.licious.test.ValidLoginTest] - INFO - 5 
2018-01-10 10:30:37,156 - [in.licious.test.ValidLoginTest] - INFO - chrome is launched 
2018-01-10 10:30:53,988 - [in.licious.test.ValidLoginTest] - INFO - chrome is closed 
2018-01-10 10:38:01,982 - [in.licious.test.ValidLoginTest] - INFO - framework is initialised 
2018-01-10 10:38:02,003 - [in.licious.test.ValidLoginTest] - INFO - chrome 
2018-01-10 10:38:02,004 - [in.licious.test.ValidLoginTest] - INFO - https://www.licious.in 
2018-01-10 10:38:02,005 - [in.licious.test.ValidLoginTest] - INFO - demo 
2018-01-10 10:38:02,006 - [in.licious.test.ValidLoginTest] - INFO - optdemo 
2018-01-10 10:38:02,006 - [in.licious.test.ValidLoginTest] - INFO - 5 
2018-01-10 10:38:21,025 - [in.licious.test.ValidLoginTest] - INFO - chrome is launched 
2018-01-10 10:38:32,594 - [in.licious.test.ValidLoginTest] - INFO - chrome is closed 
2018-01-10 11:46:26,554 - [in.licious.test.ValidLoginTest] - INFO - framework is initialised 
2018-01-10 11:46:26,563 - [in.licious.test.ValidLoginTest] - INFO - chrome 
2018-01-10 11:46:26,563 - [in.licious.test.ValidLoginTest] - INFO - https://www.licious.in 
2018-01-10 11:46:26,563 - [in.licious.test.ValidLoginTest] - INFO - demo 
2018-01-10 11:46:26,564 - [in.licious.test.ValidLoginTest] - INFO - optdemo 
2018-01-10 11:46:26,564 - [in.licious.test.ValidLoginTest] - INFO - 5 
2018-01-10 11:48:20,911 - [in.licious.test.ValidLoginTest] - INFO - chrome is launched 
2018-01-10 11:48:34,538 - [in.licious.test.ValidLoginTest] - INFO - chrome is closed 
2018-01-10 11:58:18,941 - [in.licious.test.ValidLoginTest] - INFO - framework is initialised 
2018-01-10 11:58:18,961 - [in.licious.test.ValidLoginTest] - INFO - chrome 
2018-01-10 11:58:18,962 - [in.licious.test.ValidLoginTest] - INFO - https://www.licious.in 
2018-01-10 11:58:18,963 - [in.licious.test.ValidLoginTest] - INFO - demo 
2018-01-10 11:58:18,964 - [in.licious.test.ValidLoginTest] - INFO - optdemo 
2018-01-10 11:58:18,965 - [in.licious.test.ValidLoginTest] - INFO - 5 
2018-01-10 11:58:39,981 - [in.licious.test.ValidLoginTest] - INFO - chrome is launched 
2018-01-10 11:58:56,056 - [in.licious.test.ValidLoginTest] - INFO - chrome is closed 
2018-01-10 12:08:52,623 - [in.licious.test.ValidLoginTest] - INFO - framework is initialised 
2018-01-10 12:08:52,643 - [in.licious.test.ValidLoginTest] - INFO - chrome 
2018-01-10 12:08:52,644 - [in.licious.test.ValidLoginTest] - INFO - https://www.licious.in 
2018-01-10 12:08:52,645 - [in.licious.test.ValidLoginTest] - INFO - demo 
2018-01-10 12:08:52,646 - [in.licious.test.ValidLoginTest] - INFO - optdemo 
2018-01-10 12:08:52,646 - [in.licious.test.ValidLoginTest] - INFO - 5 
2018-01-10 12:09:13,269 - [in.licious.test.ValidLoginTest] - INFO - chrome is launched 
2018-01-10 12:09:29,398 - [in.licious.test.ValidLoginTest] - INFO - chrome is closed 
2018-01-10 22:59:45,855 - [in.licious.test.ValidLoginTest] - INFO - framework is initialised 
2018-01-10 22:59:46,087 - [in.licious.test.ValidLoginTest] - INFO - chrome 
2018-01-10 22:59:46,088 - [in.licious.test.ValidLoginTest] - INFO - https://www.licious.in 
2018-01-10 22:59:46,089 - [in.licious.test.ValidLoginTest] - INFO - demo 
2018-01-10 22:59:46,089 - [in.licious.test.ValidLoginTest] - INFO - optdemo 
2018-01-10 22:59:46,090 - [in.licious.test.ValidLoginTest] - INFO - 5 
2018-01-10 23:00:15,464 - [in.licious.test.ValidLoginTest] - INFO - chrome is launched 
2018-01-10 23:00:23,516 - [in.licious.test.ValidLoginTest] - INFO - chrome is closed 
2018-01-13 18:26:30,510 - [in.licious.test.ValidLoginTest] - INFO - framework is initialised 
2018-01-13 18:26:30,517 - [in.licious.test.ValidLoginTest] - INFO - chrome 
2018-01-13 18:26:30,518 - [in.licious.test.ValidLoginTest] - INFO - https://www.licious.in 
2018-01-13 18:26:30,518 - [in.licious.test.ValidLoginTest] - INFO - demo 
2018-01-13 18:26:30,520 - [in.licious.test.ValidLoginTest] - INFO - optdemo 
2018-01-13 18:26:30,520 - [in.licious.test.ValidLoginTest] - INFO - 5 
2018-01-13 18:30:05,304 - [in.licious.test.ValidLoginTest] - INFO - framework is initialised 
2018-01-13 18:30:05,311 - [in.licious.test.ValidLoginTest] - INFO - chrome 
2018-01-13 18:30:05,312 - [in.licious.test.ValidLoginTest] - INFO - https://www.licious.in 
2018-01-13 18:30:05,312 - [in.licious.test.ValidLoginTest] - INFO - demo 
2018-01-13 18:30:05,313 - [in.licious.test.ValidLoginTest] - INFO - optdemo 
2018-01-13 18:30:05,313 - [in.licious.test.ValidLoginTest] - INFO - 5 
2018-01-13 19:14:35,634 - [in.licious.test.ValidLoginTest] - INFO - framework is initialised 
2018-01-13 19:14:35,668 - [in.licious.test.ValidLoginTest] - INFO - chrome 
2018-01-13 19:14:35,668 - [in.licious.test.ValidLoginTest] - INFO - https://www.licious.in 
2018-01-13 19:14:35,669 - [in.licious.test.ValidLoginTest] - INFO - demo 
2018-01-13 19:14:35,670 - [in.licious.test.ValidLoginTest] - INFO - optdemo 
2018-01-13 19:14:35,670 - [in.licious.test.ValidLoginTest] - INFO - 5 
2018-01-13 19:14:51,631 - [in.licious.test.ValidLoginTest] - INFO - chrome is launched 
2018-01-13 19:14:59,877 - [in.licious.test.ValidLoginTest] - INFO - chrome is closed 
2018-01-13 21:11:38,448 - [in.licious.test.ValidLoginTest] - INFO - framework is initialised 
2018-01-13 21:11:38,450 - [in.licious.test.ValidLoginTest] - INFO - framework is initialised 
2018-01-13 21:11:38,513 - [in.licious.test.ValidLoginTest] - INFO - firefox 
2018-01-13 21:11:38,514 - [in.licious.test.ValidLoginTest] - INFO - https://www.licious.in 
2018-01-13 21:11:38,515 - [in.licious.test.ValidLoginTest] - INFO -  
2018-01-13 21:11:38,516 - [in.licious.test.ValidLoginTest] - INFO -  
2018-01-13 21:11:38,516 - [in.licious.test.ValidLoginTest] - INFO - 5 
2018-01-13 21:11:38,534 - [in.licious.test.ValidLoginTest] - INFO - firefox 
2018-01-13 21:11:38,616 - [in.licious.test.ValidLoginTest] - INFO - https://www.licious.in 
2018-01-13 21:11:38,617 - [in.licious.test.ValidLoginTest] - INFO -  
2018-01-13 21:11:38,618 - [in.licious.test.ValidLoginTest] - INFO -  
2018-01-13 21:11:38,620 - [in.licious.test.ValidLoginTest] - INFO - 5 
2018-01-13 21:13:54,450 - [in.licious.test.ValidLoginTest] - INFO - firefox is launched 
2018-01-13 21:13:54,749 - [in.licious.test.ValidLoginTest] - INFO - firefox is launched 
2018-01-13 21:14:47,895 - [in.licious.test.ValidLoginTest] - INFO - framework is initialised 
2018-01-13 21:14:47,922 - [in.licious.test.ValidLoginTest] - INFO - firefox 
2018-01-13 21:14:47,923 - [in.licious.test.ValidLoginTest] - INFO - https://www.licious.in 
2018-01-13 21:14:47,924 - [in.licious.test.ValidLoginTest] - INFO -  
2018-01-13 21:14:47,927 - [in.licious.test.ValidLoginTest] - INFO -  
2018-01-13 21:14:47,928 - [in.licious.test.ValidLoginTest] - INFO - 5 
2018-01-13 21:15:16,083 - [in.licious.test.ValidLoginTest] - INFO - firefox is launched 
2018-01-13 21:17:01,119 - [in.licious.test.ValidLoginTest] - INFO - framework is initialised 
2018-01-13 21:17:01,137 - [in.licious.test.ValidLoginTest] - INFO - ie 
2018-01-13 21:17:01,138 - [in.licious.test.ValidLoginTest] - INFO - https://www.licious.in 
2018-01-13 21:17:01,138 - [in.licious.test.ValidLoginTest] - INFO -  
2018-01-13 21:17:01,139 - [in.licious.test.ValidLoginTest] - INFO -  
2018-01-13 21:17:01,139 - [in.licious.test.ValidLoginTest] - INFO - 5 
2018-01-13 21:18:38,947 - [in.licious.test.ValidLoginTest] - INFO - ie is launched 
2018-01-14 16:28:19,413 - [in.licious.test.ValidLoginTest] - INFO - framework is initialised 
2018-01-14 16:28:19,421 - [in.licious.test.ValidLoginTest] - INFO - ie 
2018-01-14 16:28:19,421 - [in.licious.test.ValidLoginTest] - INFO - https://www.licious.in 
2018-01-14 16:28:19,422 - [in.licious.test.ValidLoginTest] - INFO -  
2018-01-14 16:28:19,422 - [in.licious.test.ValidLoginTest] - INFO -  
2018-01-14 16:28:19,423 - [in.licious.test.ValidLoginTest] - INFO - 5 
2018-01-14 16:28:43,088 - [in.licious.test.ValidLoginTest] - INFO - ie is launched 
2018-01-14 16:30:54,351 - [in.licious.test.ValidLoginTest] - INFO - framework is initialised 
2018-01-14 16:30:54,358 - [in.licious.test.ValidLoginTest] - INFO - ie 
2018-01-14 16:30:54,359 - [in.licious.test.ValidLoginTest] - INFO - https://www.licious.in 
2018-01-14 16:30:54,359 - [in.licious.test.ValidLoginTest] - INFO -  
2018-01-14 16:30:54,360 - [in.licious.test.ValidLoginTest] - INFO -  
2018-01-14 16:30:54,360 - [in.licious.test.ValidLoginTest] - INFO - 5 
2018-01-14 16:31:23,536 - [in.licious.test.ValidLoginTest] - INFO - ie is launched 
2018-01-14 16:33:40,464 - [in.licious.test.ValidLoginTest] - INFO - framework is initialised 
2018-01-14 16:33:40,476 - [in.licious.test.ValidLoginTest] - INFO - chrome 
2018-01-14 16:33:40,477 - [in.licious.test.ValidLoginTest] - INFO - https://www.licious.in 
2018-01-14 16:33:40,477 - [in.licious.test.ValidLoginTest] - INFO -  
2018-01-14 16:33:40,478 - [in.licious.test.ValidLoginTest] - INFO -  
2018-01-14 16:33:40,478 - [in.licious.test.ValidLoginTest] - INFO - 5 
2018-01-14 16:34:21,968 - [in.licious.test.ValidLoginTest] - INFO - chrome is launched 
2018-01-14 16:34:29,786 - [in.licious.test.ValidLoginTest] - INFO - chrome is closed 
2018-01-14 16:35:36,517 - [in.licious.test.ValidLoginTest] - INFO - framework is initialised 
2018-01-14 16:35:36,535 - [in.licious.test.ValidLoginTest] - INFO - chrome 
2018-01-14 16:35:36,535 - [in.licious.test.ValidLoginTest] - INFO - https://www.licious.in 
2018-01-14 16:35:36,537 - [in.licious.test.ValidLoginTest] - INFO -  
2018-01-14 16:35:36,537 - [in.licious.test.ValidLoginTest] - INFO -  
2018-01-14 16:35:36,538 - [in.licious.test.ValidLoginTest] - INFO - 5 
2018-01-14 16:35:53,829 - [in.licious.test.ValidLoginTest] - INFO - chrome is launched 
2018-01-14 16:36:00,822 - [in.licious.test.ValidLoginTest] - INFO - chrome is closed 
2018-01-14 19:28:47,890 - [in.licious.test.ValidLoginTest] - INFO - framework is initialised 
2018-01-14 19:28:47,890 - [in.licious.test.ValidLoginTest] - INFO - firefox 
2018-01-14 19:28:47,890 - [in.licious.test.ValidLoginTest] - INFO - https://www.licious.in 
2018-01-14 19:28:47,890 - [in.licious.test.ValidLoginTest] - INFO -  
2018-01-14 19:28:47,890 - [in.licious.test.ValidLoginTest] - INFO -  
2018-01-14 19:28:47,890 - [in.licious.test.ValidLoginTest] - INFO - 5 
2018-01-14 19:29:51,377 - [in.licious.test.ValidLoginTest] - INFO - firefox is launched 
2018-01-14 19:37:44,298 - [in.licious.test.ValidLoginTest] - INFO - framework is initialised 
2018-01-14 19:37:44,310 - [in.licious.test.ValidLoginTest] - INFO - chrome 
2018-01-14 19:37:44,310 - [in.licious.test.ValidLoginTest] - INFO - https://web.licious.in 
2018-01-14 19:37:44,310 - [in.licious.test.ValidLoginTest] - INFO - 9880335493 
2018-01-14 19:37:44,310 - [in.licious.test.ValidLoginTest] - INFO - 123456 
2018-01-14 19:37:44,310 - [in.licious.test.ValidLoginTest] - INFO - 5 
2018-01-14 19:38:29,531 - [in.licious.test.ValidLoginTest] - INFO - chrome is launched 
2018-01-14 19:38:40,918 - [in.licious.test.ValidLoginTest] - INFO - chrome is closed 
2018-01-27 14:45:30,134 - [in.licious.test.ValidLoginTest] - INFO - framework is initialised 
2018-01-27 14:45:30,151 - [in.licious.test.ValidLoginTest] - INFO - chrome 
2018-01-27 14:45:30,152 - [in.licious.test.ValidLoginTest] - INFO - https://web.licious.in 
2018-01-27 14:45:30,152 - [in.licious.test.ValidLoginTest] - INFO - 9880335493 
2018-01-27 14:45:30,153 - [in.licious.test.ValidLoginTest] - INFO - 123456 
2018-01-27 14:45:30,154 - [in.licious.test.ValidLoginTest] - INFO - 5 
2018-01-27 14:46:08,956 - [in.licious.test.ValidLoginTest] - INFO - chrome is launched 
2018-01-27 14:46:18,978 - [in.licious.test.ValidLoginTest] - INFO - chrome is closed 
2018-01-27 15:39:08,894 - [in.licious.test.ValidLoginTest] - INFO - framework is initialised 
2018-01-27 15:39:08,902 - [in.licious.test.ValidLoginTest] - INFO - chrome 
2018-01-27 15:39:08,903 - [in.licious.test.ValidLoginTest] - INFO - https://web.licious.in 
2018-01-27 15:39:08,903 - [in.licious.test.ValidLoginTest] - INFO - 9880335493 
2018-01-27 15:39:08,903 - [in.licious.test.ValidLoginTest] - INFO - 123456 
2018-01-27 15:39:08,904 - [in.licious.test.ValidLoginTest] - INFO - 5 
2018-01-27 15:39:43,519 - [in.licious.test.ValidLoginTest] - INFO - chrome is launched 
2018-01-27 15:39:50,171 - [in.licious.test.ValidLoginTest] - INFO - chrome is closed 
2018-01-27 16:03:16,095 - [in.licious.test.ValidLoginTest] - INFO - framework is initialised 
2018-01-27 16:03:16,104 - [in.licious.test.ValidLoginTest] - INFO - chrome 
2018-01-27 16:03:16,104 - [in.licious.test.ValidLoginTest] - INFO - https://web.licious.in 
2018-01-27 16:03:16,105 - [in.licious.test.ValidLoginTest] - INFO - 9880335493 
2018-01-27 16:03:16,105 - [in.licious.test.ValidLoginTest] - INFO - 123456 
2018-01-27 16:03:16,106 - [in.licious.test.ValidLoginTest] - INFO - 5 
2018-01-27 16:03:55,748 - [in.licious.test.ValidLoginTest] - INFO - chrome is launched 
2018-01-27 16:04:06,735 - [in.licious.test.ValidLoginTest] - INFO - chrome is closed 
2018-01-27 16:07:35,882 - [in.licious.test.ValidLoginTest] - INFO - framework is initialised 
2018-01-27 16:07:35,892 - [in.licious.test.ValidLoginTest] - INFO - chrome 
2018-01-27 16:07:35,892 - [in.licious.test.ValidLoginTest] - INFO - https://web.licious.in 
2018-01-27 16:07:35,893 - [in.licious.test.ValidLoginTest] - INFO - 9880335493 
2018-01-27 16:07:35,893 - [in.licious.test.ValidLoginTest] - INFO - 123456 
2018-01-27 16:07:35,893 - [in.licious.test.ValidLoginTest] - INFO - 5 
2018-01-27 16:08:06,942 - [in.licious.test.ValidLoginTest] - INFO - chrome is launched 
2018-01-27 16:08:14,660 - [in.licious.test.ValidLoginTest] - INFO - chrome is closed 
2018-01-27 16:12:00,486 - [in.licious.test.ValidLoginTest] - INFO - framework is initialised 
2018-01-27 16:12:00,495 - [in.licious.test.ValidLoginTest] - INFO - chrome 
2018-01-27 16:12:00,495 - [in.licious.test.ValidLoginTest] - INFO - https://web.licious.in 
2018-01-27 16:12:00,495 - [in.licious.test.ValidLoginTest] - INFO - 9880335493 
2018-01-27 16:12:00,495 - [in.licious.test.ValidLoginTest] - INFO - 123456 
2018-01-27 16:12:00,495 - [in.licious.test.ValidLoginTest] - INFO - 5 
2018-01-27 16:12:16,170 - [in.licious.test.ValidLoginTest] - INFO - chrome is launched 
2018-01-27 16:12:24,675 - [in.licious.test.ValidLoginTest] - INFO - chrome is closed 
2018-01-27 16:22:55,839 - [in.licious.test.ValidLoginTest] - INFO - framework is initialised 
2018-01-27 16:22:55,845 - [in.licious.test.ValidLoginTest] - INFO - chrome 
2018-01-27 16:22:55,845 - [in.licious.test.ValidLoginTest] - INFO - https://web.licious.in 
2018-01-27 16:22:55,845 - [in.licious.test.ValidLoginTest] - INFO - 9880335493 
2018-01-27 16:22:55,845 - [in.licious.test.ValidLoginTest] - INFO - 123456 
2018-01-27 16:22:55,845 - [in.licious.test.ValidLoginTest] - INFO - 5 
2018-01-27 16:23:24,230 - [in.licious.test.ValidLoginTest] - INFO - chrome is launched 
2018-01-27 16:23:36,293 - [in.licious.test.ValidLoginTest] - INFO - chrome is closed 
2018-01-27 16:26:42,282 - [in.licious.test.ValidLoginTest] - INFO - framework is initialised 
2018-01-27 16:26:42,298 - [in.licious.test.ValidLoginTest] - INFO - chrome 
2018-01-27 16:26:42,298 - [in.licious.test.ValidLoginTest] - INFO - https://web.licious.in 
2018-01-27 16:26:42,298 - [in.licious.test.ValidLoginTest] - INFO - 9880335493 
2018-01-27 16:26:42,298 - [in.licious.test.ValidLoginTest] - INFO - 123456 
2018-01-27 16:26:42,298 - [in.licious.test.ValidLoginTest] - INFO - 5 
2018-01-27 16:27:24,997 - [in.licious.test.ValidLoginTest] - INFO - chrome is launched 
2018-01-27 16:27:36,797 - [in.licious.test.ValidLoginTest] - INFO - chrome is closed 
2018-01-27 16:31:12,015 - [in.licious.test.ValidLoginTest] - INFO - framework is initialised 
2018-01-27 16:31:12,027 - [in.licious.test.ValidLoginTest] - INFO - chrome 
2018-01-27 16:31:12,027 - [in.licious.test.ValidLoginTest] - INFO - https://web.licious.in 
2018-01-27 16:31:12,028 - [in.licious.test.ValidLoginTest] - INFO - 9880335493 
2018-01-27 16:31:12,028 - [in.licious.test.ValidLoginTest] - INFO - 123456 
2018-01-27 16:31:12,029 - [in.licious.test.ValidLoginTest] - INFO - 5 
2018-01-27 16:31:37,917 - [in.licious.test.ValidLoginTest] - INFO - chrome is launched 
2018-01-27 16:31:47,675 - [in.licious.test.ValidLoginTest] - INFO - chrome is closed 
2018-01-27 16:45:46,425 - [in.licious.test.ValidLoginTest] - INFO - framework is initialised 
2018-01-27 16:45:46,434 - [in.licious.test.ValidLoginTest] - INFO - chrome 
2018-01-27 16:45:46,434 - [in.licious.test.ValidLoginTest] - INFO - https://web.licious.in 
2018-01-27 16:45:46,435 - [in.licious.test.ValidLoginTest] - INFO - 9880335493 
2018-01-27 16:45:46,435 - [in.licious.test.ValidLoginTest] - INFO - 123456 
2018-01-27 16:45:46,435 - [in.licious.test.ValidLoginTest] - INFO - 5 
2018-01-27 16:46:14,587 - [in.licious.test.ValidLoginTest] - INFO - chrome is launched 
2018-01-27 16:46:22,282 - [in.licious.test.ValidLoginTest] - INFO - chrome is closed 
2018-01-27 16:48:25,902 - [in.licious.test.ValidLoginTest] - INFO - framework is initialised 
2018-01-27 16:48:25,909 - [in.licious.test.ValidLoginTest] - INFO - chrome 
2018-01-27 16:48:25,910 - [in.licious.test.ValidLoginTest] - INFO - https://web.licious.in 
2018-01-27 16:48:25,910 - [in.licious.test.ValidLoginTest] - INFO - 9880335493 
2018-01-27 16:48:25,910 - [in.licious.test.ValidLoginTest] - INFO - 123456 
2018-01-27 16:48:25,911 - [in.licious.test.ValidLoginTest] - INFO - 5 
2018-01-27 16:48:42,755 - [in.licious.test.ValidLoginTest] - INFO - chrome is launched 
2018-01-27 16:48:50,279 - [in.licious.test.ValidLoginTest] - INFO - chrome is closed 
2018-01-27 18:53:16,899 - [in.licious.test.ValidLoginTest] - INFO - framework is initialised 
2018-01-27 18:53:16,911 - [in.licious.test.ValidLoginTest] - INFO - chrome 
2018-01-27 18:53:16,911 - [in.licious.test.ValidLoginTest] - INFO - https://web.licious.in 
2018-01-27 18:53:16,911 - [in.licious.test.ValidLoginTest] - INFO - 9880335493 
2018-01-27 18:53:16,911 - [in.licious.test.ValidLoginTest] - INFO - 123456 
2018-01-27 18:53:16,911 - [in.licious.test.ValidLoginTest] - INFO - 5 
2018-01-27 18:53:42,050 - [in.licious.test.ValidLoginTest] - INFO - chrome is launched 
2018-01-27 18:53:48,209 - [in.licious.test.ValidLoginTest] - INFO - chrome is closed 
2018-01-27 19:27:34,896 - [in.licious.test.ValidLoginTest] - INFO - framework is initialised 
2018-01-27 19:27:34,912 - [in.licious.test.ValidLoginTest] - INFO - chrome 
2018-01-27 19:27:34,912 - [in.licious.test.ValidLoginTest] - INFO - https://web.licious.in 
2018-01-27 19:27:34,913 - [in.licious.test.ValidLoginTest] - INFO - 9880335493 
2018-01-27 19:27:34,913 - [in.licious.test.ValidLoginTest] - INFO - 123456 
2018-01-27 19:27:34,913 - [in.licious.test.ValidLoginTest] - INFO - 5 
2018-01-27 19:27:49,023 - [in.licious.test.ValidLoginTest] - INFO - chrome is launched 
2018-01-27 19:27:58,347 - [in.licious.test.ValidLoginTest] - INFO - chrome is closed 
2018-01-27 19:30:31,667 - [in.licious.test.ValidLoginTest] - INFO - framework is initialised 
2018-01-27 19:30:31,686 - [in.licious.test.ValidLoginTest] - INFO - chrome 
2018-01-27 19:30:31,686 - [in.licious.test.ValidLoginTest] - INFO - https://web.licious.in 
2018-01-27 19:30:31,686 - [in.licious.test.ValidLoginTest] - INFO - 9880335493 
2018-01-27 19:30:31,686 - [in.licious.test.ValidLoginTest] - INFO - 123456 
2018-01-27 19:30:31,686 - [in.licious.test.ValidLoginTest] - INFO - 5 
2018-01-27 19:30:41,583 - [in.licious.test.ValidLoginTest] - INFO - chrome is launched 
2018-01-27 19:30:48,472 - [in.licious.test.ValidLoginTest] - INFO - chrome is closed 
2018-01-27 19:34:38,819 - [in.licious.test.ValidLoginTest] - INFO - framework is initialised 
2018-01-27 19:34:38,826 - [in.licious.test.ValidLoginTest] - INFO - chrome 
2018-01-27 19:34:38,826 - [in.licious.test.ValidLoginTest] - INFO - https://web.licious.in 
2018-01-27 19:34:38,826 - [in.licious.test.ValidLoginTest] - INFO - 9880335493 
2018-01-27 19:34:38,826 - [in.licious.test.ValidLoginTest] - INFO - 123456 
2018-01-27 19:34:38,826 - [in.licious.test.ValidLoginTest] - INFO - 5 
2018-01-27 19:34:48,313 - [in.licious.test.ValidLoginTest] - INFO - chrome is launched 
2018-01-27 19:34:55,045 - [in.licious.test.ValidLoginTest] - INFO - chrome is closed 
2018-01-27 19:36:41,415 - [in.licious.test.ValidLoginTest] - INFO - framework is initialised 
2018-01-27 19:36:41,424 - [in.licious.test.ValidLoginTest] - INFO - chrome 
2018-01-27 19:36:41,424 - [in.licious.test.ValidLoginTest] - INFO - https://web.licious.in 
2018-01-27 19:36:41,424 - [in.licious.test.ValidLoginTest] - INFO - 9880335493 
2018-01-27 19:36:41,424 - [in.licious.test.ValidLoginTest] - INFO - 123456 
2018-01-27 19:36:41,424 - [in.licious.test.ValidLoginTest] - INFO - 5 
2018-01-27 19:36:52,430 - [in.licious.test.ValidLoginTest] - INFO - chrome is launched 
2018-01-27 19:36:59,129 - [in.licious.test.ValidLoginTest] - INFO - chrome is closed 
2018-01-27 19:51:43,170 - [in.licious.test.ValidLoginTest] - INFO - framework is initialised 
2018-01-27 19:51:43,179 - [in.licious.test.ValidLoginTest] - INFO - chrome 
2018-01-27 19:51:43,179 - [in.licious.test.ValidLoginTest] - INFO - https://web.licious.in 
2018-01-27 19:51:43,180 - [in.licious.test.ValidLoginTest] - INFO - 9880335493 
2018-01-27 19:51:43,182 - [in.licious.test.ValidLoginTest] - INFO - 123456 
2018-01-27 19:51:43,183 - [in.licious.test.ValidLoginTest] - INFO - 5 
2018-01-27 19:52:04,398 - [in.licious.test.ValidLoginTest] - INFO - chrome is launched 
2018-01-27 19:52:10,158 - [in.licious.test.ValidLoginTest] - INFO - chrome is closed 
2018-01-27 19:55:35,151 - [in.licious.test.InvalidLogin] - INFO - framework is initialised 
2018-01-27 19:55:35,159 - [in.licious.test.InvalidLogin] - INFO - chrome 
2018-01-27 19:55:35,159 - [in.licious.test.InvalidLogin] - INFO - https://web.licious.in 
2018-01-27 19:55:35,160 - [in.licious.test.InvalidLogin] - INFO - 9880335493 
2018-01-27 19:55:35,160 - [in.licious.test.InvalidLogin] - INFO - 123456 
2018-01-27 19:55:35,161 - [in.licious.test.InvalidLogin] - INFO - 5 
2018-01-27 19:55:48,606 - [in.licious.test.InvalidLogin] - INFO - chrome is launched 
2018-01-27 19:55:54,556 - [in.licious.test.InvalidLogin] - INFO - chrome is closed 
2018-01-27 19:56:03,982 - [in.licious.test.InvalidLogin] - INFO - chrome is launched 
2018-01-27 19:56:10,936 - [in.licious.test.InvalidLogin] - INFO - chrome is closed 
2018-01-27 20:03:06,832 - [in.licious.test.InvalidLogin] - INFO - framework is initialised 
2018-01-27 20:03:06,838 - [in.licious.test.InvalidLogin] - INFO - chrome 
2018-01-27 20:03:06,839 - [in.licious.test.InvalidLogin] - INFO - https://web.licious.in 
2018-01-27 20:03:06,839 - [in.licious.test.InvalidLogin] - INFO - 9880335493 
2018-01-27 20:03:06,839 - [in.licious.test.InvalidLogin] - INFO - 123456 
2018-01-27 20:03:06,840 - [in.licious.test.InvalidLogin] - INFO - 5 
2018-01-27 20:03:18,034 - [in.licious.test.InvalidLogin] - INFO - chrome is launched 
2018-01-27 20:03:24,673 - [in.licious.test.InvalidLogin] - INFO - chrome is closed 
2018-01-27 20:27:38,524 - [in.licious.test.InvalidLogin] - INFO - framework is initialised 
2018-01-27 20:27:38,532 - [in.licious.test.InvalidLogin] - INFO - chrome 
2018-01-27 20:27:38,532 - [in.licious.test.InvalidLogin] - INFO - https://web.licious.in 
2018-01-27 20:27:38,533 - [in.licious.test.InvalidLogin] - INFO - 9880335493 
2018-01-27 20:27:38,533 - [in.licious.test.InvalidLogin] - INFO - 123456 
2018-01-27 20:27:38,534 - [in.licious.test.InvalidLogin] - INFO - 5 
2018-01-27 20:27:48,684 - [in.licious.test.InvalidLogin] - INFO - chrome is launched 
2018-01-27 20:27:55,024 - [in.licious.test.InvalidLogin] - INFO - chrome is closed 
2018-01-27 20:28:03,123 - [in.licious.test.InvalidLogin] - INFO - chrome is launched 
2018-01-27 20:28:10,942 - [in.licious.test.InvalidLogin] - INFO - chrome is closed 
2018-01-27 20:31:04,348 - [in.licious.test.InvalidLogin] - INFO - framework is initialised 
2018-01-27 20:31:04,355 - [in.licious.test.InvalidLogin] - INFO - chrome 
2018-01-27 20:31:04,356 - [in.licious.test.InvalidLogin] - INFO - https://web.licious.in 
2018-01-27 20:31:04,356 - [in.licious.test.InvalidLogin] - INFO - 9880335493 
2018-01-27 20:31:04,357 - [in.licious.test.InvalidLogin] - INFO - 123456 
2018-01-27 20:31:04,357 - [in.licious.test.InvalidLogin] - INFO - 5 
2018-01-27 20:31:13,582 - [in.licious.test.InvalidLogin] - INFO - chrome is launched 
2018-01-27 20:31:20,122 - [in.licious.test.InvalidLogin] - INFO - chrome is closed 
2018-01-27 20:31:28,416 - [in.licious.test.InvalidLogin] - INFO - chrome is launched 
2018-01-27 20:31:33,525 - [in.licious.test.InvalidLogin] - INFO - chrome is closed 
2018-01-27 20:37:00,103 - [in.licious.test.InvalidLogin] - INFO - framework is initialised 
2018-01-27 20:37:00,111 - [in.licious.test.InvalidLogin] - INFO - chrome 
2018-01-27 20:37:00,112 - [in.licious.test.InvalidLogin] - INFO - https://web.licious.in 
2018-01-27 20:37:00,112 - [in.licious.test.InvalidLogin] - INFO - 9880335493 
2018-01-27 20:37:00,113 - [in.licious.test.InvalidLogin] - INFO - 123456 
2018-01-27 20:37:00,113 - [in.licious.test.InvalidLogin] - INFO - 5 
2018-01-27 20:37:09,515 - [in.licious.test.InvalidLogin] - INFO - chrome is launched 
2018-01-27 20:37:15,983 - [in.licious.test.InvalidLogin] - INFO - chrome is closed 
2018-01-27 20:37:24,175 - [in.licious.test.InvalidLogin] - INFO - chrome is launched 
2018-01-27 20:37:31,548 - [in.licious.test.InvalidLogin] - INFO - chrome is closed 
2018-01-27 20:49:30,657 - [in.licious.test.InvalidLogin] - INFO - framework is initialised 
2018-01-27 20:49:30,665 - [in.licious.test.InvalidLogin] - INFO - chrome 
2018-01-27 20:49:30,665 - [in.licious.test.InvalidLogin] - INFO - https://web.licious.in 
2018-01-27 20:49:30,665 - [in.licious.test.InvalidLogin] - INFO - 9880335493 
2018-01-27 20:49:30,669 - [in.licious.test.InvalidLogin] - INFO - 123456 
2018-01-27 20:49:30,669 - [in.licious.test.InvalidLogin] - INFO - 5 
2018-01-27 20:49:40,741 - [in.licious.test.InvalidLogin] - INFO - chrome is launched 
2018-01-27 20:49:47,148 - [in.licious.test.InvalidLogin] - INFO - chrome is closed 
2018-01-27 20:49:55,294 - [in.licious.test.InvalidLogin] - INFO - chrome is launched 
2018-01-27 20:50:02,429 - [in.licious.test.InvalidLogin] - INFO - chrome is closed 
2018-01-27 20:52:55,343 - [in.licious.test.InvalidLogin] - INFO - framework is initialised 
2018-01-27 20:52:55,348 - [in.licious.test.InvalidLogin] - INFO - chrome 
2018-01-27 20:52:55,348 - [in.licious.test.InvalidLogin] - INFO - https://web.licious.in 
2018-01-27 20:52:55,348 - [in.licious.test.InvalidLogin] - INFO - 9880335493 
2018-01-27 20:52:55,348 - [in.licious.test.InvalidLogin] - INFO - 123456 
2018-01-27 20:52:55,348 - [in.licious.test.InvalidLogin] - INFO - 5 
2018-01-27 20:53:05,384 - [in.licious.test.InvalidLogin] - INFO - chrome is launched 
2018-01-27 20:53:10,482 - [in.licious.test.InvalidLogin] - INFO - chrome is closed 
2018-01-27 20:53:19,033 - [in.licious.test.InvalidLogin] - INFO - chrome is launched 
2018-01-27 20:53:23,923 - [in.licious.test.InvalidLogin] - INFO - chrome is closed 
2018-01-27 20:55:41,898 - [in.licious.test.InvalidLogin] - INFO - framework is initialised 
2018-01-27 20:55:41,914 - [in.licious.test.InvalidLogin] - INFO - chrome 
2018-01-27 20:55:41,914 - [in.licious.test.InvalidLogin] - INFO - https://web.licious.in 
2018-01-27 20:55:41,914 - [in.licious.test.InvalidLogin] - INFO - 9880335493 
2018-01-27 20:55:41,914 - [in.licious.test.InvalidLogin] - INFO - 123456 
2018-01-27 20:55:41,914 - [in.licious.test.InvalidLogin] - INFO - 5 
2018-01-27 20:55:52,179 - [in.licious.test.InvalidLogin] - INFO - chrome is launched 
2018-01-27 20:55:56,847 - [in.licious.test.InvalidLogin] - INFO - chrome is closed 
2018-01-27 20:56:07,952 - [in.licious.test.InvalidLogin] - INFO - chrome is launched 
2018-01-27 20:56:14,811 - [in.licious.test.InvalidLogin] - INFO - chrome is closed 
2018-02-02 16:17:12,713 - [in.licious.test.InvalidLogin] - INFO - framework is initialised 
2018-02-02 16:17:12,721 - [in.licious.test.InvalidLogin] - INFO - chrome 
2018-02-02 16:17:12,725 - [in.licious.test.InvalidLogin] - INFO - https://web.licious.in 
2018-02-02 16:17:12,725 - [in.licious.test.InvalidLogin] - INFO - 9880335493 
2018-02-02 16:17:12,725 - [in.licious.test.InvalidLogin] - INFO - 123456 
2018-02-02 16:17:12,725 - [in.licious.test.InvalidLogin] - INFO - 5 
2018-02-02 16:17:54,072 - [in.licious.test.InvalidLogin] - INFO - chrome is launched 
2018-02-02 16:17:59,508 - [in.licious.test.InvalidLogin] - INFO - chrome is closed 
2018-02-02 16:18:22,395 - [in.licious.test.InvalidLogin] - INFO - chrome is launched 
2018-02-02 16:18:29,914 - [in.licious.test.InvalidLogin] - INFO - chrome is closed 
2018-02-02 16:21:48,777 - [in.licious.test.InvalidLogin] - INFO - framework is initialised 
2018-02-02 16:21:48,790 - [in.licious.test.InvalidLogin] - INFO - chrome 
2018-02-02 16:21:48,790 - [in.licious.test.InvalidLogin] - INFO - https://web.licious.in 
2018-02-02 16:21:48,791 - [in.licious.test.InvalidLogin] - INFO - 9880335493 
2018-02-02 16:21:48,791 - [in.licious.test.InvalidLogin] - INFO - 123456 
2018-02-02 16:21:48,793 - [in.licious.test.InvalidLogin] - INFO - 5 
2018-02-02 16:22:20,260 - [in.licious.test.InvalidLogin] - INFO - chrome is launched 
2018-02-02 16:22:24,509 - [in.licious.test.InvalidLogin] - INFO - chrome is closed 
2018-02-02 16:22:47,658 - [in.licious.test.InvalidLogin] - INFO - chrome is launched 
2018-02-02 16:22:55,236 - [in.licious.test.InvalidLogin] - INFO - chrome is closed 
2018-02-02 16:26:25,002 - [in.licious.test.InvalidLogin] - INFO - framework is initialised 
2018-02-02 16:26:25,010 - [in.licious.test.InvalidLogin] - INFO - chrome 
2018-02-02 16:26:25,010 - [in.licious.test.InvalidLogin] - INFO - https://web.licious.in 
2018-02-02 16:26:25,010 - [in.licious.test.InvalidLogin] - INFO - 9880335493 
2018-02-02 16:26:25,010 - [in.licious.test.InvalidLogin] - INFO - 123456 
2018-02-02 16:26:25,010 - [in.licious.test.InvalidLogin] - INFO - 5 
2018-02-02 16:27:29,290 - [in.licious.test.InvalidLogin] - INFO - chrome is launched 
2018-02-02 16:27:34,257 - [in.licious.test.InvalidLogin] - INFO - chrome is closed 
2018-02-02 16:27:44,298 - [in.licious.test.InvalidLogin] - INFO - chrome is launched 
2018-02-02 16:27:50,931 - [in.licious.test.InvalidLogin] - INFO - chrome is closed 
2018-02-02 20:31:06,288 - [in.licious.test.InvalidLogin] - INFO - framework is initialised 
2018-02-02 20:31:06,299 - [in.licious.test.InvalidLogin] - INFO - chrome 
2018-02-02 20:31:06,299 - [in.licious.test.InvalidLogin] - INFO - https://web.licious.in 
2018-02-02 20:31:06,300 - [in.licious.test.InvalidLogin] - INFO - 9880335493 
2018-02-02 20:31:06,300 - [in.licious.test.InvalidLogin] - INFO - 123456 
2018-02-02 20:31:06,301 - [in.licious.test.InvalidLogin] - INFO - 5 
2018-02-02 20:31:28,100 - [in.licious.test.InvalidLogin] - INFO - chrome is launched 
2018-02-02 20:36:29,099 - [in.licious.test.InvalidLogin] - INFO - framework is initialised 
2018-02-02 20:36:29,110 - [in.licious.test.InvalidLogin] - INFO - chrome 
2018-02-02 20:36:29,111 - [in.licious.test.InvalidLogin] - INFO - https://web.licious.in 
2018-02-02 20:36:29,111 - [in.licious.test.InvalidLogin] - INFO - 9880335493 
2018-02-02 20:36:29,112 - [in.licious.test.InvalidLogin] - INFO - 123456 
2018-02-02 20:36:29,112 - [in.licious.test.InvalidLogin] - INFO - 5 
2018-02-02 20:45:11,370 - [in.licious.test.InvalidLogin] - INFO - framework is initialised 
2018-02-02 20:45:11,380 - [in.licious.test.InvalidLogin] - INFO - chrome 
2018-02-02 20:45:11,381 - [in.licious.test.InvalidLogin] - INFO - https://web.licious.in 
2018-02-02 20:45:11,386 - [in.licious.test.InvalidLogin] - INFO - 9880335493 
2018-02-02 20:45:11,387 - [in.licious.test.InvalidLogin] - INFO - 123456 
2018-02-02 20:45:11,387 - [in.licious.test.InvalidLogin] - INFO - 5 
2018-02-02 20:45:35,936 - [in.licious.test.InvalidLogin] - INFO - chrome is launched 
2018-02-02 20:45:45,194 - [in.licious.test.InvalidLogin] - INFO - chrome is closed 
2018-02-02 20:47:31,597 - [in.licious.test.ValidLoginTest] - INFO - framework is initialised 
2018-02-02 20:47:31,604 - [in.licious.test.ValidLoginTest] - INFO - chrome 
2018-02-02 20:47:31,605 - [in.licious.test.ValidLoginTest] - INFO - https://web.licious.in 
2018-02-02 20:47:31,605 - [in.licious.test.ValidLoginTest] - INFO - 9880335493 
2018-02-02 20:47:31,606 - [in.licious.test.ValidLoginTest] - INFO - 123456 
2018-02-02 20:47:31,606 - [in.licious.test.ValidLoginTest] - INFO - 5 
2018-02-02 20:47:49,599 - [in.licious.test.ValidLoginTest] - INFO - chrome is launched 
2018-02-02 20:47:56,395 - [in.licious.test.ValidLoginTest] - INFO - chrome is closed 
2018-02-02 20:50:54,755 - [in.licious.test.InvalidLogin] - INFO - framework is initialised 
2018-02-02 20:50:54,765 - [in.licious.test.InvalidLogin] - INFO - chrome 
2018-02-02 20:50:54,765 - [in.licious.test.InvalidLogin] - INFO - https://web.licious.in 
2018-02-02 20:50:54,766 - [in.licious.test.InvalidLogin] - INFO - 9880335493 
2018-02-02 20:50:54,766 - [in.licious.test.InvalidLogin] - INFO - 123456 
2018-02-02 20:50:54,767 - [in.licious.test.InvalidLogin] - INFO - 5 
2018-02-02 20:51:09,453 - [in.licious.test.InvalidLogin] - INFO - chrome is launched 
2018-02-02 20:51:20,603 - [in.licious.test.InvalidLogin] - INFO - chrome is closed 
2018-02-02 20:51:37,230 - [in.licious.test.InvalidLogin] - INFO - chrome is launched 
2018-02-02 20:51:45,473 - [in.licious.test.InvalidLogin] - INFO - chrome is closed 
2018-02-02 21:03:21,715 - [in.licious.test.InvalidLogin] - INFO - framework is initialised 
2018-02-02 21:03:21,723 - [in.licious.test.InvalidLogin] - INFO - chrome 
2018-02-02 21:03:21,724 - [in.licious.test.InvalidLogin] - INFO - https://web.licious.in 
2018-02-02 21:03:21,724 - [in.licious.test.InvalidLogin] - INFO - 9880335493 
2018-02-02 21:03:21,725 - [in.licious.test.InvalidLogin] - INFO - 123456 
2018-02-02 21:03:21,726 - [in.licious.test.InvalidLogin] - INFO - 5 
2018-02-02 21:03:37,363 - [in.licious.test.InvalidLogin] - INFO - chrome is launched 
2018-02-02 21:03:46,749 - [in.licious.test.InvalidLogin] - INFO - chrome is closed 
2018-02-02 21:03:57,875 - [in.licious.test.InvalidLogin] - INFO - chrome is launched 
2018-02-02 21:04:04,931 - [in.licious.test.InvalidLogin] - INFO - chrome is closed 
2018-02-02 21:37:46,658 - [in.licious.test.InvalidLogin] - INFO - framework is initialised 
2018-02-02 21:37:46,669 - [in.licious.test.InvalidLogin] - INFO - firefox 
2018-02-02 21:37:46,670 - [in.licious.test.InvalidLogin] - INFO - https://web.licious.in 
2018-02-02 21:37:46,670 - [in.licious.test.InvalidLogin] - INFO - 9880335493 
2018-02-02 21:37:46,670 - [in.licious.test.InvalidLogin] - INFO - 123456 
2018-02-02 21:37:46,671 - [in.licious.test.InvalidLogin] - INFO - 5 
2018-02-02 21:38:21,859 - [in.licious.test.InvalidLogin] - INFO - firefox is launched 
2018-02-02 21:40:59,534 - [in.licious.test.InvalidLogin] - INFO - framework is initialised 
2018-02-02 21:40:59,547 - [in.licious.test.InvalidLogin] - INFO - firefox 
2018-02-02 21:40:59,547 - [in.licious.test.InvalidLogin] - INFO - https://web.licious.in 
2018-02-02 21:40:59,548 - [in.licious.test.InvalidLogin] - INFO - 9880335493 
2018-02-02 21:40:59,548 - [in.licious.test.InvalidLogin] - INFO - 123456 
2018-02-02 21:40:59,549 - [in.licious.test.InvalidLogin] - INFO - 5 
2018-02-02 21:41:26,478 - [in.licious.test.InvalidLogin] - INFO - firefox is launched 
2018-02-03 15:29:04,254 - [in.licious.test.ValidLoginTest] - INFO - framework is initialised 
2018-02-03 15:29:04,263 - [in.licious.test.ValidLoginTest] - INFO - firefox 
2018-02-03 15:29:04,264 - [in.licious.test.ValidLoginTest] - INFO - https://web.licious.in 
2018-02-03 15:29:04,265 - [in.licious.test.ValidLoginTest] - INFO - 9880335493 
2018-02-03 15:29:04,265 - [in.licious.test.ValidLoginTest] - INFO - 123456 
2018-02-03 15:29:04,266 - [in.licious.test.ValidLoginTest] - INFO - 5 
2018-02-03 15:29:35,945 - [in.licious.test.ValidLoginTest] - INFO - firefox is launched 
2018-02-03 15:32:44,806 - [in.licious.test.InvalidLogin] - INFO - framework is initialised 
2018-02-03 15:32:44,824 - [in.licious.test.InvalidLogin] - INFO - firefox 
2018-02-03 15:32:44,826 - [in.licious.test.InvalidLogin] - INFO - https://web.licious.in 
2018-02-03 15:32:44,827 - [in.licious.test.InvalidLogin] - INFO - 9880335493 
2018-02-03 15:32:44,828 - [in.licious.test.InvalidLogin] - INFO - 123456 
2018-02-03 15:32:44,829 - [in.licious.test.InvalidLogin] - INFO - 5 
2018-02-03 15:33:12,686 - [in.licious.test.InvalidLogin] - INFO - firefox is launched 
2018-02-03 15:34:56,626 - [in.licious.test.ValidLoginTest] - INFO - framework is initialised 
2018-02-03 15:34:56,633 - [in.licious.test.ValidLoginTest] - INFO - firefox 
2018-02-03 15:34:56,633 - [in.licious.test.ValidLoginTest] - INFO - https://web.licious.in 
2018-02-03 15:34:56,634 - [in.licious.test.ValidLoginTest] - INFO - 9880335493 
2018-02-03 15:34:56,635 - [in.licious.test.ValidLoginTest] - INFO - 123456 
2018-02-03 15:34:56,636 - [in.licious.test.ValidLoginTest] - INFO - 5 
2018-02-03 15:35:19,437 - [in.licious.test.ValidLoginTest] - INFO - firefox is launched 
2018-02-03 15:41:54,206 - [in.licious.test.ValidLoginTest] - INFO - framework is initialised 
2018-02-03 15:41:54,215 - [in.licious.test.ValidLoginTest] - INFO - firefox 
2018-02-03 15:41:54,216 - [in.licious.test.ValidLoginTest] - INFO - https://web.licious.in 
2018-02-03 15:41:54,217 - [in.licious.test.ValidLoginTest] - INFO - 9880335493 
2018-02-03 15:41:54,217 - [in.licious.test.ValidLoginTest] - INFO - 123456 
2018-02-03 15:41:54,218 - [in.licious.test.ValidLoginTest] - INFO - 5 
2018-02-03 15:42:21,724 - [in.licious.test.ValidLoginTest] - INFO - firefox is launched 
2018-02-03 15:58:15,972 - [in.licious.test.ValidLoginTest] - INFO - framework is initialised 
2018-02-03 15:58:15,980 - [in.licious.test.ValidLoginTest] - INFO - firefox 
2018-02-03 15:58:15,981 - [in.licious.test.ValidLoginTest] - INFO - https://web.licious.in 
2018-02-03 15:58:15,982 - [in.licious.test.ValidLoginTest] - INFO - 9880335493 
2018-02-03 15:58:15,983 - [in.licious.test.ValidLoginTest] - INFO - 123456 
2018-02-03 15:58:15,983 - [in.licious.test.ValidLoginTest] - INFO - 5 
2018-02-03 15:58:40,774 - [in.licious.test.ValidLoginTest] - INFO - firefox is launched 
2018-02-03 15:59:19,588 - [in.licious.test.ValidLoginTest] - INFO - framework is initialised 
2018-02-03 15:59:19,595 - [in.licious.test.ValidLoginTest] - INFO - firefox 
2018-02-03 15:59:19,595 - [in.licious.test.ValidLoginTest] - INFO - https://web.licious.in 
2018-02-03 15:59:19,596 - [in.licious.test.ValidLoginTest] - INFO - 9880335493 
2018-02-03 15:59:19,596 - [in.licious.test.ValidLoginTest] - INFO - 123456 
2018-02-03 15:59:19,597 - [in.licious.test.ValidLoginTest] - INFO - 5 
2018-02-03 15:59:44,219 - [in.licious.test.ValidLoginTest] - INFO - firefox is launched 
2018-02-03 15:59:50,023 - [in.licious.test.ValidLoginTest] - INFO - firefox is closed 
2018-02-03 16:07:53,054 - [in.licious.test.ValidLoginTest] - INFO - framework is initialised 
2018-02-03 16:07:53,060 - [in.licious.test.ValidLoginTest] - INFO - firefox 
2018-02-03 16:07:53,061 - [in.licious.test.ValidLoginTest] - INFO - https://web.licious.in 
2018-02-03 16:07:53,062 - [in.licious.test.ValidLoginTest] - INFO - 9880335493 
2018-02-03 16:07:53,062 - [in.licious.test.ValidLoginTest] - INFO - 123456 
2018-02-03 16:07:53,062 - [in.licious.test.ValidLoginTest] - INFO - 5 
2018-02-03 16:08:17,970 - [in.licious.test.ValidLoginTest] - INFO - firefox is launched 
2018-02-03 16:08:22,668 - [in.licious.test.ValidLoginTest] - INFO - firefox is closed 
2018-02-03 16:13:59,011 - [in.licious.test.ValidLoginTest] - INFO - framework is initialised 
2018-02-03 16:13:59,018 - [in.licious.test.ValidLoginTest] - INFO - firefox 
2018-02-03 16:13:59,018 - [in.licious.test.ValidLoginTest] - INFO - https://web.licious.in 
2018-02-03 16:13:59,019 - [in.licious.test.ValidLoginTest] - INFO - 9880335493 
2018-02-03 16:13:59,019 - [in.licious.test.ValidLoginTest] - INFO - 123456 
2018-02-03 16:13:59,019 - [in.licious.test.ValidLoginTest] - INFO - 5 
2018-02-03 16:14:13,820 - [in.licious.test.ValidLoginTest] - INFO - firefox is launched 
2018-02-03 16:14:19,233 - [in.licious.test.ValidLoginTest] - INFO - firefox is closed 
2018-02-03 16:16:42,058 - [in.licious.test.ValidLoginTest] - INFO - framework is initialised 
2018-02-03 16:16:42,066 - [in.licious.test.ValidLoginTest] - INFO - chrome 
2018-02-03 16:16:42,067 - [in.licious.test.ValidLoginTest] - INFO - https://web.licious.in 
2018-02-03 16:16:42,068 - [in.licious.test.ValidLoginTest] - INFO - 9880335493 
2018-02-03 16:16:42,068 - [in.licious.test.ValidLoginTest] - INFO - 123456 
2018-02-03 16:16:42,069 - [in.licious.test.ValidLoginTest] - INFO - 5 
2018-02-03 16:16:55,846 - [in.licious.test.ValidLoginTest] - INFO - chrome is launched 
2018-02-03 16:17:03,370 - [in.licious.test.ValidLoginTest] - INFO - chrome is closed 
2018-02-03 16:22:19,346 - [in.licious.test.ValidLoginTest] - INFO - framework is initialised 
2018-02-03 16:22:19,352 - [in.licious.test.ValidLoginTest] - INFO - firefox 
2018-02-03 16:22:19,353 - [in.licious.test.ValidLoginTest] - INFO - https://web.licious.in 
2018-02-03 16:22:19,353 - [in.licious.test.ValidLoginTest] - INFO - 9880335493 
2018-02-03 16:22:19,354 - [in.licious.test.ValidLoginTest] - INFO - 123456 
2018-02-03 16:22:19,354 - [in.licious.test.ValidLoginTest] - INFO - 5 
2018-02-03 16:22:40,321 - [in.licious.test.ValidLoginTest] - INFO - firefox is launched 
2018-02-03 16:22:48,772 - [in.licious.test.ValidLoginTest] - INFO - firefox is closed 
2018-02-03 16:24:05,406 - [in.licious.test.ValidLoginTest] - INFO - framework is initialised 
2018-02-03 16:24:05,413 - [in.licious.test.ValidLoginTest] - INFO - firefox 
2018-02-03 16:24:05,413 - [in.licious.test.ValidLoginTest] - INFO - https://web.licious.in 
2018-02-03 16:24:05,414 - [in.licious.test.ValidLoginTest] - INFO - 9880335493 
2018-02-03 16:24:05,414 - [in.licious.test.ValidLoginTest] - INFO - 123456 
2018-02-03 16:24:05,414 - [in.licious.test.ValidLoginTest] - INFO - 5 
2018-02-03 16:24:22,778 - [in.licious.test.ValidLoginTest] - INFO - firefox is launched 
2018-02-03 16:24:30,814 - [in.licious.test.ValidLoginTest] - INFO - firefox is closed 
2018-02-03 21:38:28,794 - [in.licious.test.Chicken] - INFO - framework is initialised 
2018-02-03 21:38:28,817 - [in.licious.test.Chicken] - INFO - firefox 
2018-02-03 21:38:28,817 - [in.licious.test.Chicken] - INFO - https://web.licious.in 
2018-02-03 21:38:28,817 - [in.licious.test.Chicken] - INFO - 9880335493 
2018-02-03 21:38:28,817 - [in.licious.test.Chicken] - INFO - 123456 
2018-02-03 21:38:28,817 - [in.licious.test.Chicken] - INFO - 5 
2018-02-03 21:39:16,611 - [in.licious.test.Chicken] - INFO - firefox is launched 
2018-02-03 21:39:21,013 - [in.licious.test.Chicken] - INFO - firefox is closed 
2018-02-03 21:42:20,479 - [in.licious.test.Chicken] - INFO - framework is initialised 
2018-02-03 21:42:20,487 - [in.licious.test.Chicken] - INFO - chrome 
2018-02-03 21:42:20,487 - [in.licious.test.Chicken] - INFO - https://web.licious.in 
2018-02-03 21:42:20,488 - [in.licious.test.Chicken] - INFO - 9880335493 
2018-02-03 21:42:20,489 - [in.licious.test.Chicken] - INFO - 123456 
2018-02-03 21:42:20,489 - [in.licious.test.Chicken] - INFO - 5 
2018-02-03 21:42:33,540 - [in.licious.test.Chicken] - INFO - chrome is launched 
2018-02-03 21:42:41,272 - [in.licious.test.Chicken] - INFO - chrome is closed 
2018-02-03 21:44:46,557 - [in.licious.test.Chicken] - INFO - framework is initialised 
2018-02-03 21:44:46,562 - [in.licious.test.Chicken] - INFO - chrome 
2018-02-03 21:44:46,562 - [in.licious.test.Chicken] - INFO - https://web.licious.in 
2018-02-03 21:44:46,562 - [in.licious.test.Chicken] - INFO - 9880335493 
2018-02-03 21:44:46,562 - [in.licious.test.Chicken] - INFO - 123456 
2018-02-03 21:44:46,562 - [in.licious.test.Chicken] - INFO - 5 
2018-02-03 21:44:56,899 - [in.licious.test.Chicken] - INFO - chrome is launched 
2018-02-03 21:45:10,562 - [in.licious.test.Chicken] - INFO - chrome is closed 
2018-02-03 21:45:29,002 - [in.licious.test.Chicken] - INFO - framework is initialised 
2018-02-03 21:45:29,012 - [in.licious.test.Chicken] - INFO - chrome 
2018-02-03 21:45:29,012 - [in.licious.test.Chicken] - INFO - https://web.licious.in 
2018-02-03 21:45:29,012 - [in.licious.test.Chicken] - INFO - 9880335493 
2018-02-03 21:45:29,012 - [in.licious.test.Chicken] - INFO - 123456 
2018-02-03 21:45:29,012 - [in.licious.test.Chicken] - INFO - 5 
2018-02-03 21:45:37,089 - [in.licious.test.Chicken] - INFO - chrome is launched 
2018-02-03 21:45:49,853 - [in.licious.test.Chicken] - INFO - chrome is closed 
2018-02-03 21:46:50,391 - [in.licious.test.Chicken] - INFO - framework is initialised 
2018-02-03 21:46:50,398 - [in.licious.test.Chicken] - INFO - chrome 
2018-02-03 21:46:50,398 - [in.licious.test.Chicken] - INFO - https://web.licious.in 
2018-02-03 21:46:50,398 - [in.licious.test.Chicken] - INFO - 9880335493 
2018-02-03 21:46:50,398 - [in.licious.test.Chicken] - INFO - 123456 
2018-02-03 21:46:50,398 - [in.licious.test.Chicken] - INFO - 5 
2018-02-03 21:47:01,113 - [in.licious.test.Chicken] - INFO - chrome is launched 
2018-02-03 21:47:09,180 - [in.licious.test.Chicken] - INFO - chrome is closed 
2018-02-03 21:48:05,912 - [in.licious.test.Chicken] - INFO - framework is initialised 
2018-02-03 21:48:05,920 - [in.licious.test.Chicken] - INFO - chrome 
2018-02-03 21:48:05,920 - [in.licious.test.Chicken] - INFO - https://web.licious.in 
2018-02-03 21:48:05,920 - [in.licious.test.Chicken] - INFO - 9880335493 
2018-02-03 21:48:05,920 - [in.licious.test.Chicken] - INFO - 123456 
2018-02-03 21:48:05,920 - [in.licious.test.Chicken] - INFO - 5 
2018-02-03 21:48:16,904 - [in.licious.test.Chicken] - INFO - chrome is launched 
2018-02-03 21:48:29,792 - [in.licious.test.Chicken] - INFO - chrome is closed 
2018-02-03 21:48:50,415 - [in.licious.test.Chicken] - INFO - framework is initialised 
2018-02-03 21:48:50,425 - [in.licious.test.Chicken] - INFO - chrome 
2018-02-03 21:48:50,425 - [in.licious.test.Chicken] - INFO - https://web.licious.in 
2018-02-03 21:48:50,425 - [in.licious.test.Chicken] - INFO - 9880335493 
2018-02-03 21:48:50,425 - [in.licious.test.Chicken] - INFO - 123456 
2018-02-03 21:48:50,425 - [in.licious.test.Chicken] - INFO - 5 
2018-02-03 21:48:59,303 - [in.licious.test.Chicken] - INFO - chrome is launched 
2018-02-03 21:49:12,077 - [in.licious.test.Chicken] - INFO - chrome is closed 
2018-02-03 21:50:59,526 - [in.licious.test.Chicken] - INFO - framework is initialised 
2018-02-03 21:50:59,531 - [in.licious.test.Chicken] - INFO - chrome 
2018-02-03 21:50:59,531 - [in.licious.test.Chicken] - INFO - https://web.licious.in 
2018-02-03 21:50:59,531 - [in.licious.test.Chicken] - INFO - 9880335493 
2018-02-03 21:50:59,531 - [in.licious.test.Chicken] - INFO - 123456 
2018-02-03 21:50:59,531 - [in.licious.test.Chicken] - INFO - 5 
2018-02-03 21:51:10,818 - [in.licious.test.Chicken] - INFO - chrome is launched 
2018-02-03 21:51:23,769 - [in.licious.test.Chicken] - INFO - chrome is closed 
2018-02-03 21:51:49,607 - [in.licious.test.Chicken] - INFO - framework is initialised 
2018-02-03 21:51:49,614 - [in.licious.test.Chicken] - INFO - chrome 
2018-02-03 21:51:49,614 - [in.licious.test.Chicken] - INFO - https://web.licious.in 
2018-02-03 21:51:49,614 - [in.licious.test.Chicken] - INFO - 9880335493 
2018-02-03 21:51:49,614 - [in.licious.test.Chicken] - INFO - 123456 
2018-02-03 21:51:49,614 - [in.licious.test.Chicken] - INFO - 5 
2018-02-03 21:52:02,042 - [in.licious.test.Chicken] - INFO - chrome is launched 
2018-02-03 21:52:22,614 - [in.licious.test.Chicken] - INFO - chrome is closed 
2018-02-03 21:53:02,718 - [in.licious.test.Chicken] - INFO - framework is initialised 
2018-02-03 21:53:02,730 - [in.licious.test.Chicken] - INFO - chrome 
2018-02-03 21:53:02,731 - [in.licious.test.Chicken] - INFO - https://web.licious.in 
2018-02-03 21:53:02,731 - [in.licious.test.Chicken] - INFO - 9880335493 
2018-02-03 21:53:02,732 - [in.licious.test.Chicken] - INFO - 123456 
2018-02-03 21:53:02,732 - [in.licious.test.Chicken] - INFO - 5 
2018-02-03 21:53:12,614 - [in.licious.test.Chicken] - INFO - chrome is launched 
2018-02-03 21:53:29,803 - [in.licious.test.Chicken] - INFO - chrome is closed 
2018-02-03 21:53:55,059 - [in.licious.test.Chicken] - INFO - framework is initialised 
2018-02-03 21:53:55,073 - [in.licious.test.Chicken] - INFO - chrome 
2018-02-03 21:53:55,073 - [in.licious.test.Chicken] - INFO - https://web.licious.in 
2018-02-03 21:53:55,073 - [in.licious.test.Chicken] - INFO - 9880335493 
2018-02-03 21:53:55,073 - [in.licious.test.Chicken] - INFO - 123456 
2018-02-03 21:53:55,073 - [in.licious.test.Chicken] - INFO - 5 
2018-02-03 21:54:03,731 - [in.licious.test.Chicken] - INFO - chrome is launched 
2018-02-03 21:54:20,468 - [in.licious.test.Chicken] - INFO - chrome is closed 
2018-02-03 21:55:11,768 - [in.licious.test.Chicken] - INFO - framework is initialised 
2018-02-03 21:55:11,777 - [in.licious.test.Chicken] - INFO - chrome 
2018-02-03 21:55:11,777 - [in.licious.test.Chicken] - INFO - https://web.licious.in 
2018-02-03 21:55:11,781 - [in.licious.test.Chicken] - INFO - 9880335493 
2018-02-03 21:55:11,781 - [in.licious.test.Chicken] - INFO - 123456 
2018-02-03 21:55:11,781 - [in.licious.test.Chicken] - INFO - 5 
2018-02-03 21:55:21,665 - [in.licious.test.Chicken] - INFO - chrome is launched 
2018-02-03 21:55:40,596 - [in.licious.test.Chicken] - INFO - chrome is closed 
2018-02-03 22:06:01,056 - [in.licious.test.Chicken] - INFO - framework is initialised 
2018-02-03 22:06:01,068 - [in.licious.test.Chicken] - INFO - chrome 
2018-02-03 22:06:01,068 - [in.licious.test.Chicken] - INFO - https://web.licious.in 
2018-02-03 22:06:01,069 - [in.licious.test.Chicken] - INFO - 9880335493 
2018-02-03 22:06:01,069 - [in.licious.test.Chicken] - INFO - 123456 
2018-02-03 22:06:01,070 - [in.licious.test.Chicken] - INFO - 5 
2018-02-03 22:06:11,806 - [in.licious.test.Chicken] - INFO - chrome is launched 
2018-02-03 22:06:28,737 - [in.licious.test.Chicken] - INFO - chrome is closed 
